# JRE version: OpenJDK Runtime Environment Temurin-21.0.9+10 (21.0.9+10) (build 21.0.9+10-LTS)
# Java VM: OpenJDK 64-Bit Server VM Temurin-21.0.9+10 (21.0.9+10-LTS, mixed mode, sharing, tiered, compressed oops, compressed class ptrs, parallel gc, windows-amd64)
GC Precious Log:
 CardTable entry size: 512
 CPUs: 8 total, 8 available
 Memory: 12167M
 Large Page Support: Disabled
 NUMA Support: Disabled
 Compressed Oops: Enabled (32-bit)
 Alignments: Space 512K, Generation 512K, Heap 2M
 Heap Min Capacity: 100M
 Heap Initial Capacity: 100M
 Heap Max Capacity: 2G
 Pre-touch: Disabled
 Parallel Workers: 8
Heap:
 PSYoungGen      total 6144K, used 1084K [0x00000000d5580000, 0x00000000d5c00000, 0x0000000100000000)
  eden space 5120K, 14% used [0x00000000d5580000,0x00000000d563f3d0,0x00000000d5a80000)
  from space 1024K, 31% used [0x00000000d5a80000,0x00000000d5ad0020,0x00000000d5b80000)
  to   space 512K, 0% used [0x00000000d5b80000,0x00000000d5b80000,0x00000000d5c00000)
 ParOldGen       total 1238528K, used 820304K [0x0000000080000000, 0x00000000cb980000, 0x00000000d5580000)
  object space 1238528K, 66% used [0x0000000080000000,0x00000000b2114208,0x00000000cb980000)
 Metaspace       used 89071K, committed 90944K, reserved 1179648K
  class space    used 9333K, committed 10176K, reserved 1048576K
GC Heap History (20 events):
Event: 731.249 GC heap before
{Heap before GC invocations=1858 (full 4):
 PSYoungGen      total 4608K, used 3798K [0x00000000d5580000, 0x00000000d5d00000, 0x0000000100000000)
  eden space 4096K, 81% used [0x00000000d5580000,0x00000000d58c5b88,0x00000000d5980000)
  from space 512K, 87% used [0x00000000d5980000,0x00000000d59f0000,0x00000000d5a00000)
  to   space 1536K, 0% used [0x00000000d5b80000,0x00000000d5b80000,0x00000000d5d00000)
 ParOldGen       total 1238528K, used 756727K [0x0000000080000000, 0x00000000cb980000, 0x00000000d5580000)
  object space 1238528K, 61% used [0x0000000080000000,0x00000000ae2fdd78,0x00000000cb980000)
 Metaspace       used 88962K, committed 90880K, reserved 1179648K
  class space    used 9332K, committed 10176K, reserved 1048576K
}
Event: 731.254 GC heap after
{Heap after GC invocations=1858 (full 4):
 PSYoungGen      total 4608K, used 378K [0x00000000d5580000, 0x00000000d5c00000, 0x0000000100000000)
  eden space 4096K, 0% used [0x00000000d5580000,0x00000000d5580000,0x00000000d5980000)
  from space 512K, 73% used [0x00000000d5b80000,0x00000000d5bde900,0x00000000d5c00000)
  to   space 1024K, 0% used [0x00000000d5a00000,0x00000000d5a00000,0x00000000d5b00000)
 ParOldGen       total 1238528K, used 757143K [0x0000000080000000, 0x00000000cb980000, 0x00000000d5580000)
  object space 1238528K, 61% used [0x0000000080000000,0x00000000ae365d78,0x00000000cb980000)
 Metaspace       used 88962K, committed 90880K, reserved 1179648K
  class space    used 9332K, committed 10176K, reserved 1048576K
}
Event: 731.270 GC heap before
{Heap before GC invocations=1859 (full 4):
 PSYoungGen      total 4608K, used 4474K [0x00000000d5580000, 0x00000000d5c00000, 0x0000000100000000)
  eden space 4096K, 100% used [0x00000000d5580000,0x00000000d5980000,0x00000000d5980000)
  from space 512K, 73% used [0x00000000d5b80000,0x00000000d5bde900,0x00000000d5c00000)
  to   space 1024K, 0% used [0x00000000d5a00000,0x00000000d5a00000,0x00000000d5b00000)
 ParOldGen       total 1238528K, used 757143K [0x0000000080000000, 0x00000000cb980000, 0x00000000d5580000)
  object space 1238528K, 61% used [0x0000000080000000,0x00000000ae365d78,0x00000000cb980000)
 Metaspace       used 88988K, committed 90880K, reserved 1179648K
  class space    used 9332K, committed 10176K, reserved 1048576K
}
Event: 731.273 GC heap after
{Heap after GC invocations=1859 (full 4):
 PSYoungGen      total 5120K, used 480K [0x00000000d5580000, 0x00000000d5c00000, 0x0000000100000000)
  eden space 4096K, 0% used [0x00000000d5580000,0x00000000d5580000,0x00000000d5980000)
  from space 1024K, 46% used [0x00000000d5a00000,0x00000000d5a78000,0x00000000d5b00000)
  to   space 512K, 0% used [0x00000000d5b80000,0x00000000d5b80000,0x00000000d5c00000)
 ParOldGen       total 1238528K, used 757419K [0x0000000080000000, 0x00000000cb980000, 0x00000000d5580000)
  object space 1238528K, 61% used [0x0000000080000000,0x00000000ae3aaf78,0x00000000cb980000)
 Metaspace       used 88988K, committed 90880K, reserved 1179648K
  class space    used 9332K, committed 10176K, reserved 1048576K
}
Event: 731.283 GC heap before
{Heap before GC invocations=1860 (full 4):
 PSYoungGen      total 5120K, used 3641K [0x00000000d5580000, 0x00000000d5c00000, 0x0000000100000000)
  eden space 4096K, 77% used [0x00000000d5580000,0x00000000d5896488,0x00000000d5980000)
  from space 1024K, 46% used [0x00000000d5a00000,0x00000000d5a78000,0x00000000d5b00000)
  to   space 512K, 0% used [0x00000000d5b80000,0x00000000d5b80000,0x00000000d5c00000)
 ParOldGen       total 1238528K, used 757419K [0x0000000080000000, 0x00000000cb980000, 0x00000000d5580000)
  object space 1238528K, 61% used [0x0000000080000000,0x00000000ae3aaf78,0x00000000cb980000)
 Metaspace       used 88988K, committed 90880K, reserved 1179648K
  class space    used 9332K, committed 10176K, reserved 1048576K
}
Event: 731.287 GC heap after
{Heap after GC invocations=1860 (full 4):
 PSYoungGen      total 5632K, used 314K [0x00000000d5580000, 0x00000000d5c00000, 0x0000000100000000)
  eden space 5120K, 0% used [0x00000000d5580000,0x00000000d5580000,0x00000000d5a80000)
  from space 512K, 61% used [0x00000000d5b80000,0x00000000d5bce900,0x00000000d5c00000)
  to   space 512K, 0% used [0x00000000d5b00000,0x00000000d5b00000,0x00000000d5b80000)
 ParOldGen       total 1238528K, used 757835K [0x0000000080000000, 0x00000000cb980000, 0x00000000d5580000)
  object space 1238528K, 61% used [0x0000000080000000,0x00000000ae412f78,0x00000000cb980000)
 Metaspace       used 88988K, committed 90880K, reserved 1179648K
  class space    used 9332K, committed 10176K, reserved 1048576K
}
Event: 731.309 GC heap before
{Heap before GC invocations=1861 (full 4):
 PSYoungGen      total 5632K, used 5434K [0x00000000d5580000, 0x00000000d5c00000, 0x0000000100000000)
  eden space 5120K, 100% used [0x00000000d5580000,0x00000000d5a80000,0x00000000d5a80000)
  from space 512K, 61% used [0x00000000d5b80000,0x00000000d5bce900,0x00000000d5c00000)
  to   space 512K, 0% used [0x00000000d5b00000,0x00000000d5b00000,0x00000000d5b80000)
 ParOldGen       total 1238528K, used 757835K [0x0000000080000000, 0x00000000cb980000, 0x00000000d5580000)
  object space 1238528K, 61% used [0x0000000080000000,0x00000000ae412f78,0x00000000cb980000)
 Metaspace       used 88995K, committed 90880K, reserved 1179648K
  class space    used 9332K, committed 10176K, reserved 1048576K
}
Event: 731.312 GC heap after
{Heap after GC invocations=1861 (full 4):
 PSYoungGen      total 5632K, used 218K [0x00000000d5580000, 0x00000000d5c00000, 0x0000000100000000)
  eden space 5120K, 0% used [0x00000000d5580000,0x00000000d5580000,0x00000000d5a80000)
  from space 512K, 42% used [0x00000000d5b00000,0x00000000d5b36900,0x00000000d5b80000)
  to   space 512K, 0% used [0x00000000d5b80000,0x00000000d5b80000,0x00000000d5c00000)
 ParOldGen       total 1238528K, used 757979K [0x0000000080000000, 0x00000000cb980000, 0x00000000d5580000)
  object space 1238528K, 61% used [0x0000000080000000,0x00000000ae436f78,0x00000000cb980000)
 Metaspace       used 88995K, committed 90880K, reserved 1179648K
  class space    used 9332K, committed 10176K, reserved 1048576K
}
Event: 731.329 GC heap before
{Heap before GC invocations=1862 (full 4):
 PSYoungGen      total 5632K, used 5338K [0x00000000d5580000, 0x00000000d5c00000, 0x0000000100000000)
  eden space 5120K, 100% used [0x00000000d5580000,0x00000000d5a80000,0x00000000d5a80000)
  from space 512K, 42% used [0x00000000d5b00000,0x00000000d5b36900,0x00000000d5b80000)
  to   space 512K, 0% used [0x00000000d5b80000,0x00000000d5b80000,0x00000000d5c00000)
 ParOldGen       total 1238528K, used 757979K [0x0000000080000000, 0x00000000cb980000, 0x00000000d5580000)
  object space 1238528K, 61% used [0x0000000080000000,0x00000000ae436f78,0x00000000cb980000)
 Metaspace       used 88995K, committed 90880K, reserved 1179648K
  class space    used 9332K, committed 10176K, reserved 1048576K
}
Event: 731.332 GC heap after
{Heap after GC invocations=1862 (full 4):
 PSYoungGen      total 5632K, used 352K [0x00000000d5580000, 0x00000000d5c00000, 0x0000000100000000)
  eden space 5120K, 0% used [0x00000000d5580000,0x00000000d5580000,0x00000000d5a80000)
  from space 512K, 68% used [0x00000000d5b80000,0x00000000d5bd8000,0x00000000d5c00000)
  to   space 512K, 0% used [0x00000000d5b00000,0x00000000d5b00000,0x00000000d5b80000)
 ParOldGen       total 1238528K, used 758080K [0x0000000080000000, 0x00000000cb980000, 0x00000000d5580000)
  object space 1238528K, 61% used [0x0000000080000000,0x00000000ae450178,0x00000000cb980000)
 Metaspace       used 88995K, committed 90880K, reserved 1179648K
  class space    used 9332K, committed 10176K, reserved 1048576K
}
Event: 731.348 GC heap before
{Heap before GC invocations=1863 (full 4):
 PSYoungGen      total 5632K, used 3983K [0x00000000d5580000, 0x00000000d5c00000, 0x0000000100000000)
  eden space 5120K, 70% used [0x00000000d5580000,0x00000000d590be98,0x00000000d5a80000)
  from space 512K, 68% used [0x00000000d5b80000,0x00000000d5bd8000,0x00000000d5c00000)
  to   space 512K, 0% used [0x00000000d5b00000,0x00000000d5b00000,0x00000000d5b80000)
 ParOldGen       total 1238528K, used 758080K [0x0000000080000000, 0x00000000cb980000, 0x00000000d5580000)
  object space 1238528K, 61% used [0x0000000080000000,0x00000000ae450178,0x00000000cb980000)
 Metaspace       used 88995K, committed 90880K, reserved 1179648K
  class space    used 9332K, committed 10176K, reserved 1048576K
}
Event: 731.352 GC heap after
{Heap after GC invocations=1863 (full 4):
 PSYoungGen      total 5632K, used 416K [0x00000000d5580000, 0x00000000d5c00000, 0x0000000100000000)
  eden space 5120K, 0% used [0x00000000d5580000,0x00000000d5580000,0x00000000d5a80000)
  from space 512K, 81% used [0x00000000d5b00000,0x00000000d5b68000,0x00000000d5b80000)
  to   space 512K, 0% used [0x00000000d5b80000,0x00000000d5b80000,0x00000000d5c00000)
 ParOldGen       total 1238528K, used 758344K [0x0000000080000000, 0x00000000cb980000, 0x00000000d5580000)
  object space 1238528K, 61% used [0x0000000080000000,0x00000000ae492178,0x00000000cb980000)
 Metaspace       used 88995K, committed 90880K, reserved 1179648K
  class space    used 9332K, committed 10176K, reserved 1048576K
}
Event: 731.371 GC heap before
{Heap before GC invocations=1864 (full 4):
 PSYoungGen      total 5632K, used 5186K [0x00000000d5580000, 0x00000000d5c00000, 0x0000000100000000)
  eden space 5120K, 93% used [0x00000000d5580000,0x00000000d5a28940,0x00000000d5a80000)
  from space 512K, 81% used [0x00000000d5b00000,0x00000000d5b68000,0x00000000d5b80000)
  to   space 512K, 0% used [0x00000000d5b80000,0x00000000d5b80000,0x00000000d5c00000)
 ParOldGen       total 1238528K, used 758344K [0x0000000080000000, 0x00000000cb980000, 0x00000000d5580000)
  object space 1238528K, 61% used [0x0000000080000000,0x00000000ae492178,0x00000000cb980000)
 Metaspace       used 88995K, committed 90880K, reserved 1179648K
  class space    used 9332K, committed 10176K, reserved 1048576K
}
Event: 731.374 GC heap after
{Heap after GC invocations=1864 (full 4):
 PSYoungGen      total 5632K, used 314K [0x00000000d5580000, 0x00000000d5c00000, 0x0000000100000000)
  eden space 5120K, 0% used [0x00000000d5580000,0x00000000d5580000,0x00000000d5a80000)
  from space 512K, 61% used [0x00000000d5b80000,0x00000000d5bce900,0x00000000d5c00000)
  to   space 512K, 0% used [0x00000000d5b00000,0x00000000d5b00000,0x00000000d5b80000)
 ParOldGen       total 1238528K, used 758672K [0x0000000080000000, 0x00000000cb980000, 0x00000000d5580000)
  object space 1238528K, 61% used [0x0000000080000000,0x00000000ae4e4178,0x00000000cb980000)
 Metaspace       used 88995K, committed 90880K, reserved 1179648K
  class space    used 9332K, committed 10176K, reserved 1048576K
}
Event: 733.237 GC heap before
{Heap before GC invocations=1865 (full 4):
 PSYoungGen      total 5632K, used 5434K [0x00000000d5580000, 0x00000000d5c00000, 0x0000000100000000)
  eden space 5120K, 99% used [0x00000000d5580000,0x00000000d5a7fff8,0x00000000d5a80000)
  from space 512K, 61% used [0x00000000d5b80000,0x00000000d5bce900,0x00000000d5c00000)
  to   space 512K, 0% used [0x00000000d5b00000,0x00000000d5b00000,0x00000000d5b80000)
 ParOldGen       total 1238528K, used 758672K [0x0000000080000000, 0x00000000cb980000, 0x00000000d5580000)
  object space 1238528K, 61% used [0x0000000080000000,0x00000000ae4e4178,0x00000000cb980000)
 Metaspace       used 89022K, committed 90880K, reserved 1179648K
  class space    used 9332K, committed 10176K, reserved 1048576K
}
Event: 733.241 GC heap after
{Heap after GC invocations=1865 (full 4):
 PSYoungGen      total 5632K, used 192K [0x00000000d5580000, 0x00000000d5c00000, 0x0000000100000000)
  eden space 5120K, 0% used [0x00000000d5580000,0x00000000d5580000,0x00000000d5a80000)
  from space 512K, 37% used [0x00000000d5b00000,0x00000000d5b30000,0x00000000d5b80000)
  to   space 512K, 0% used [0x00000000d5b80000,0x00000000d5b80000,0x00000000d5c00000)
 ParOldGen       total 1238528K, used 758696K [0x0000000080000000, 0x00000000cb980000, 0x00000000d5580000)
  object space 1238528K, 61% used [0x0000000080000000,0x00000000ae4ea178,0x00000000cb980000)
 Metaspace       used 89022K, committed 90880K, reserved 1179648K
  class space    used 9332K, committed 10176K, reserved 1048576K
}
Event: 736.169 GC heap before
{Heap before GC invocations=1866 (full 4):
 PSYoungGen      total 5632K, used 5311K [0x00000000d5580000, 0x00000000d5c00000, 0x0000000100000000)
  eden space 5120K, 99% used [0x00000000d5580000,0x00000000d5a7fff0,0x00000000d5a80000)
  from space 512K, 37% used [0x00000000d5b00000,0x00000000d5b30000,0x00000000d5b80000)
  to   space 512K, 0% used [0x00000000d5b80000,0x00000000d5b80000,0x00000000d5c00000)
 ParOldGen       total 1238528K, used 789416K [0x0000000080000000, 0x00000000cb980000, 0x00000000d5580000)
  object space 1238528K, 63% used [0x0000000080000000,0x00000000b02ea1a8,0x00000000cb980000)
 Metaspace       used 89036K, committed 90944K, reserved 1179648K
  class space    used 9333K, committed 10176K, reserved 1048576K
}
Event: 736.172 GC heap after
{Heap after GC invocations=1866 (full 4):
 PSYoungGen      total 5632K, used 496K [0x00000000d5580000, 0x00000000d5c80000, 0x0000000100000000)
  eden space 5120K, 0% used [0x00000000d5580000,0x00000000d5580000,0x00000000d5a80000)
  from space 512K, 96% used [0x00000000d5b80000,0x00000000d5bfc070,0x00000000d5c00000)
  to   space 1024K, 0% used [0x00000000d5a80000,0x00000000d5a80000,0x00000000d5b80000)
 ParOldGen       total 1238528K, used 789464K [0x0000000080000000, 0x00000000cb980000, 0x00000000d5580000)
  object space 1238528K, 63% used [0x0000000080000000,0x00000000b02f61a8,0x00000000cb980000)
 Metaspace       used 89036K, committed 90944K, reserved 1179648K
  class space    used 9333K, committed 10176K, reserved 1048576K
}
Event: 1046.331 GC heap before
{Heap before GC invocations=1867 (full 4):
 PSYoungGen      total 5632K, used 5616K [0x00000000d5580000, 0x00000000d5c80000, 0x0000000100000000)
  eden space 5120K, 99% used [0x00000000d5580000,0x00000000d5a7ffe8,0x00000000d5a80000)
  from space 512K, 96% used [0x00000000d5b80000,0x00000000d5bfc070,0x00000000d5c00000)
  to   space 1024K, 0% used [0x00000000d5a80000,0x00000000d5a80000,0x00000000d5b80000)
 ParOldGen       total 1238528K, used 820184K [0x0000000080000000, 0x00000000cb980000, 0x00000000d5580000)
  object space 1238528K, 66% used [0x0000000080000000,0x00000000b20f61d8,0x00000000cb980000)
 Metaspace       used 89066K, committed 90944K, reserved 1179648K
  class space    used 9333K, committed 10176K, reserved 1048576K
}
Event: 1046.442 GC heap after
{Heap after GC invocations=1867 (full 4):
 PSYoungGen      total 6144K, used 320K [0x00000000d5580000, 0x00000000d5c00000, 0x0000000100000000)
  eden space 5120K, 0% used [0x00000000d5580000,0x00000000d5580000,0x00000000d5a80000)
  from space 1024K, 31% used [0x00000000d5a80000,0x00000000d5ad0020,0x00000000d5b80000)
  to   space 512K, 0% used [0x00000000d5b80000,0x00000000d5b80000,0x00000000d5c00000)
 ParOldGen       total 1238528K, used 820304K [0x0000000080000000, 0x00000000cb980000, 0x00000000d5580000)
  object space 1238528K, 66% used [0x0000000080000000,0x00000000b2114208,0x00000000cb980000)
 Metaspace       used 89066K, committed 90944K, reserved 1179648K
  class space    used 9333K, committed 10176K, reserved 1048576K
}

